Arguments: 
  /Users/tiendq/.nvm/versions/node/v10.1.0/bin/node /usr/local/Cellar/yarn/1.6.0/libexec/bin/yarn.js add -D babel-core babel-eslint babel-jest babel-loader babel-plugin-transform-object-rest-spread babel-preset-react eslint eslint-loader eslint-plugin-import eslint-plugin-jsx-a11y eslint-plugin-react jest prop-types react-dom react react-testing-library webpack webpack-cli webpack-dev-server babel-plugin-transform-class-properties babel-preset-env bootstrap css-loader file-loader mini-css-extract-plugin sass-loader stylelint-scss stylelint-config-recommended-scss

PATH: 
  /Users/tiendq/.nvm/versions/node/v10.1.0/bin:/usr/local/bin:/usr/bin:/bin:/usr/sbin:/sbin

Yarn version: 
  1.6.0

Node version: 
  10.1.0

Platform: 
  darwin x64

Trace: 
  Error: unable to verify the first certificate
      at TLSSocket.onConnectSecure (_tls_wrap.js:1055:34)
      at TLSSocket.emit (events.js:182:13)
      at TLSSocket._finishInit (_tls_wrap.js:635:8)

npm manifest: 
  {
    "name": "firebase-list-example",
    "version": "1.0.0",
    "main": "index.js",
    "author": "Tien Do <tiendq@gmail.com>",
    "license": "MIT"
  }

yarn manifest: 
  No manifest

Lockfile: 
  No lockfile
